<component name="libraryTable">
  <library name="JUnit4">
    <binaries>
      <root url="jar://$PROJECT_DIR$/lib/junit-4.10.jar!/" />
    </binaries>
    <sources>
      <root url="jar://$PROJECT_DIR$/libSrc/junit-4.10-src.jar!/" />
    </sources>
  </library>
</component>